<?xml version="1.0" encoding="UTF-8"?>
<!-- Generated by org.testng.reporters.JUnitReportReporter -->
<testsuite skipped="0" hostname="lenovo-PC" name="com.crm.qa.testcases.LoginPageTest" tests="2" failures="0" timestamp="20 Feb 2020 11:09:12 GMT" time="30.347" errors="0">
  <testcase name="ValidateLoginPageTitle" time="10.551" classname="com.crm.qa.testcases.LoginPageTest"/>
  <testcase name="LoginFunctionalityTest" time="19.796" classname="com.crm.qa.testcases.LoginPageTest"/>
</testsuite> <!-- com.crm.qa.testcases.LoginPageTest -->
