<?xml version="1.0" encoding="UTF-8"?>
<!-- Generated by org.testng.reporters.JUnitReportReporter -->
<testsuite skipped="0" hostname="lenovo-PC" name="com.crm.qa.testcases.LoginPageTest" tests="2" failures="0" timestamp="23 Feb 2020 07:02:43 GMT" time="20.073" errors="0">
  <testcase name="ValidateLoginPageTitle" time="8.675" classname="com.crm.qa.testcases.LoginPageTest"/>
  <testcase name="LoginFunctionalityTest" time="11.398" classname="com.crm.qa.testcases.LoginPageTest"/>
</testsuite> <!-- com.crm.qa.testcases.LoginPageTest -->
