<?xml version="1.0" encoding="UTF-8"?>
<!-- Generated by org.testng.reporters.JUnitReportReporter -->
<testsuite skipped="0" hostname="lenovo-PC" name="com.crm.qa.testcases.HomePageTest" tests="3" failures="0" timestamp="23 Feb 2020 07:02:43 GMT" time="34.511" errors="0">
  <testcase name="verifyHomePageTitleTest" time="11.359" classname="com.crm.qa.testcases.HomePageTest"/>
  <testcase name="verifyCorrectUserLoggedIn" time="10.400" classname="com.crm.qa.testcases.HomePageTest"/>
  <testcase name="verifyContactsPageisClicked" time="12.752" classname="com.crm.qa.testcases.HomePageTest"/>
</testsuite> <!-- com.crm.qa.testcases.HomePageTest -->
