<?xml version="1.0" encoding="UTF-8"?>
<!-- Generated by org.testng.reporters.JUnitReportReporter -->
<testsuite skipped="0" hostname="lenovo-PC" name="com.crm.qa.testcases.HomePageTest" tests="3" failures="0" timestamp="21 Feb 2020 10:05:19 GMT" time="73.746" errors="0">
  <testcase name="verifyHomePageTitleTest" time="22.746" classname="com.crm.qa.testcases.HomePageTest"/>
  <testcase name="verifyCorrectUserLoggedIn" time="27.067" classname="com.crm.qa.testcases.HomePageTest"/>
  <testcase name="verifyContactsPageisClicked" time="23.933" classname="com.crm.qa.testcases.HomePageTest"/>
</testsuite> <!-- com.crm.qa.testcases.HomePageTest -->
