<?xml version="1.0" encoding="UTF-8"?>
<!-- Generated by org.testng.reporters.JUnitReportReporter -->
<testsuite skipped="0" hostname="lenovo-PC" name="com.crm.qa.testcases.ContactsPageTest" tests="4" failures="0" timestamp="23 Feb 2020 07:02:43 GMT" time="75.744" errors="0">
  <testcase name="verifyContactsPage" time="12.247" classname="com.crm.qa.testcases.ContactsPageTest"/>
  <testcase name="verifyContactareadded" time="21.667" classname="com.crm.qa.testcases.ContactsPageTest"/>
  <testcase name="verifyContactareadded" time="19.787" classname="com.crm.qa.testcases.ContactsPageTest"/>
  <testcase name="verifyContactareadded" time="22.043" classname="com.crm.qa.testcases.ContactsPageTest"/>
</testsuite> <!-- com.crm.qa.testcases.ContactsPageTest -->
