<?xml version="1.0" encoding="UTF-8"?>
<!-- Generated by org.testng.reporters.JUnitReportReporter -->
<testsuite skipped="0" hostname="lenovo-PC" name="com.crm.qa.testcases.HomePageTest" tests="3" failures="0" timestamp="24 Oct 2020 09:36:54 GMT" time="42.351" errors="0">
  <testcase name="verifyHomePageTitleTest" time="16.097" classname="com.crm.qa.testcases.HomePageTest"/>
  <testcase name="verifyCorrectUserLoggedIn" time="12.416" classname="com.crm.qa.testcases.HomePageTest"/>
  <testcase name="verifyContactsPageisClicked" time="13.838" classname="com.crm.qa.testcases.HomePageTest"/>
</testsuite> <!-- com.crm.qa.testcases.HomePageTest -->
