<?xml version="1.0" encoding="UTF-8"?>
<!-- Generated by org.testng.reporters.JUnitReportReporter -->
<testsuite skipped="0" hostname="lenovo-PC" name="com.crm.qa.testcases.LoginPageTest" tests="2" failures="0" timestamp="24 Oct 2020 09:36:54 GMT" time="39.123" errors="0">
  <testcase name="ValidateLoginPageTitle" time="22.376" classname="com.crm.qa.testcases.LoginPageTest"/>
  <testcase name="LoginFunctionalityTest" time="16.747" classname="com.crm.qa.testcases.LoginPageTest"/>
</testsuite> <!-- com.crm.qa.testcases.LoginPageTest -->
