<?xml version="1.0" encoding="UTF-8"?>
<!-- Generated by org.testng.reporters.JUnitReportReporter -->
<testsuite skipped="0" hostname="lenovo-PC" name="com.crm.qa.testcases.HomePageTest" tests="3" failures="0" timestamp="20 Feb 2020 13:03:33 GMT" time="75.932" errors="0">
  <testcase name="verifyHomePageTitleTest" time="10.099" classname="com.crm.qa.testcases.HomePageTest"/>
  <testcase name="verifyCorrectUserLoggedIn" time="19.350" classname="com.crm.qa.testcases.HomePageTest"/>
  <testcase name="verifyContactsPageisClicked" time="46.483" classname="com.crm.qa.testcases.HomePageTest"/>
</testsuite> <!-- com.crm.qa.testcases.HomePageTest -->
