<?xml version="1.0" encoding="UTF-8"?>
<!-- Generated by org.testng.reporters.JUnitReportReporter -->
<testsuite skipped="0" hostname="lenovo-PC" name="com.crm.qa.testcases.LoginPageTest" tests="2" failures="0" timestamp="20 Feb 2020 13:03:33 GMT" time="48.957" errors="0">
  <testcase name="ValidateLoginPageTitle" time="38.121" classname="com.crm.qa.testcases.LoginPageTest"/>
  <testcase name="LoginFunctionalityTest" time="10.836" classname="com.crm.qa.testcases.LoginPageTest"/>
</testsuite> <!-- com.crm.qa.testcases.LoginPageTest -->
