<?xml version="1.0" encoding="UTF-8"?>
<!-- Generated by org.testng.reporters.JUnitReportReporter -->
<testsuite skipped="0" hostname="lenovo-PC" name="com.crm.qa.testcases.ContactsPageTest" tests="4" failures="0" timestamp="21 Feb 2020 11:59:12 GMT" time="115.989" errors="0">
  <testcase name="verifyContactsPage" time="27.647" classname="com.crm.qa.testcases.ContactsPageTest"/>
  <testcase name="verifyContactareadded" time="27.340" classname="com.crm.qa.testcases.ContactsPageTest"/>
  <testcase name="verifyContactareadded" time="24.630" classname="com.crm.qa.testcases.ContactsPageTest"/>
  <testcase name="verifyContactareadded" time="36.372" classname="com.crm.qa.testcases.ContactsPageTest"/>
</testsuite> <!-- com.crm.qa.testcases.ContactsPageTest -->
