<?xml version="1.0" encoding="UTF-8"?>
<!-- Generated by org.testng.reporters.JUnitReportReporter -->
<testsuite skipped="0" hostname="lenovo-PC" name="com.crm.qa.testcases.LoginPageTest" tests="2" failures="0" timestamp="21 Feb 2020 11:59:12 GMT" time="43.768" errors="0">
  <testcase name="ValidateLoginPageTitle" time="21.430" classname="com.crm.qa.testcases.LoginPageTest"/>
  <testcase name="LoginFunctionalityTest" time="22.338" classname="com.crm.qa.testcases.LoginPageTest"/>
</testsuite> <!-- com.crm.qa.testcases.LoginPageTest -->
