<?xml version="1.0" encoding="UTF-8"?>
<!-- Generated by org.testng.reporters.JUnitReportReporter -->
<testsuite skipped="0" hostname="lenovo-PC" name="com.crm.qa.testcases.HomePageTest" tests="3" failures="0" timestamp="21 Feb 2020 11:59:12 GMT" time="67.383" errors="0">
  <testcase name="verifyHomePageTitleTest" time="20.123" classname="com.crm.qa.testcases.HomePageTest"/>
  <testcase name="verifyCorrectUserLoggedIn" time="22.203" classname="com.crm.qa.testcases.HomePageTest"/>
  <testcase name="verifyContactsPageisClicked" time="25.057" classname="com.crm.qa.testcases.HomePageTest"/>
</testsuite> <!-- com.crm.qa.testcases.HomePageTest -->
